c:\users\alexis\desktop\projet_avril\projetsmfl\x64\release\vc142.pdb
c:\users\alexis\desktop\projet_avril\projetsmfl\x64\release\hud.obj
c:\users\alexis\desktop\projet_avril\projetsmfl\x64\release\highscore.obj
c:\users\alexis\desktop\projet_avril\projetsmfl\x64\release\display.obj
c:\users\alexis\desktop\projet_avril\projetsmfl\x64\release\init.obj
c:\users\alexis\desktop\projet_avril\projetsmfl\x64\release\collision.obj
c:\users\alexis\desktop\projet_avril\projetsmfl\x64\release\shot.obj
c:\users\alexis\desktop\projet_avril\projetsmfl\x64\release\building.obj
c:\users\alexis\desktop\projet_avril\projetsmfl\x64\release\enemy.obj
c:\users\alexis\desktop\projet_avril\projetsmfl\x64\release\update.obj
c:\users\alexis\desktop\projet_avril\projetsmfl\x64\release\turret.obj
c:\users\alexis\desktop\projet_avril\projetsmfl\x64\release\tools.obj
c:\users\alexis\desktop\projet_avril\projetsmfl\x64\release\player.obj
c:\users\alexis\desktop\projet_avril\projetsmfl\x64\release\mouse.obj
c:\users\alexis\desktop\projet_avril\projetsmfl\x64\release\main.obj
c:\users\alexis\desktop\projet_avril\projetsmfl\x64\release\grid.obj
c:\users\alexis\desktop\projet_avril\projetsmfl\x64\release\diamantum.obj
c:\users\alexis\desktop\projet_avril\projetsmfl\x64\release\camera.obj
c:\users\alexis\desktop\projet_avril\x64\release\projetsmfl.exe
c:\users\alexis\desktop\projet_avril\x64\release\projetsmfl.pdb
c:\users\alexis\desktop\projet_avril\x64\release\projetsmfl.ipdb
c:\users\alexis\desktop\projet_avril\x64\release\projetsmfl.iobj
c:\users\alexis\desktop\projet_avril\projetsmfl\x64\release\projetsmfl.tlog\cl.command.1.tlog
c:\users\alexis\desktop\projet_avril\projetsmfl\x64\release\projetsmfl.tlog\cl.read.1.tlog
c:\users\alexis\desktop\projet_avril\projetsmfl\x64\release\projetsmfl.tlog\cl.write.1.tlog
c:\users\alexis\desktop\projet_avril\projetsmfl\x64\release\projetsmfl.tlog\link.command.1.tlog
c:\users\alexis\desktop\projet_avril\projetsmfl\x64\release\projetsmfl.tlog\link.read.1.tlog
c:\users\alexis\desktop\projet_avril\projetsmfl\x64\release\projetsmfl.tlog\link.write.1.tlog
c:\users\alexis\desktop\projet_avril\projetsmfl\x64\release\projetsmfl.tlog\projetsmfl.write.1u.tlog
